Using pre-set license
Built from '2020.2/release' branch; Version is '2020.2.1f1 (270dd8c3da1c) revision 2559448'; Using compiler version '192528614'; Build Type 'Release'
OS: 'Windows 10  (10.0.0) 64bit' Language: 'en' Physical Memory: 11976 MB
BatchMode: 1, IsHumanControllingUs: 0, StartBugReporterOnCrash: 0, Is64bit: 1, IsPro: 0

 COMMAND LINE ARGUMENTS:
C:\Program Files\Unity\Hub\Editor\2020.2.1f1\Editor\Unity.exe
-adb2
-batchMode
-noUpm
-name
AssetImportWorker0
-projectPath
C:/Users/jrcro/UnityProjects/PizzaMovementAnimMode
-logFile
Logs/AssetImportWorker0.log
-srvPort
58599
Successfully changed project path to: C:/Users/jrcro/UnityProjects/PizzaMovementAnimMode
C:/Users/jrcro/UnityProjects/PizzaMovementAnimMode
Using Asset Import Pipeline V2.
Refreshing native plugins compatible for Editor in 75.06 ms, found 1 plugins.
Preloading 0 native plugins for Editor in 0.00 ms.
Initialize engine version: 2020.2.1f1 (270dd8c3da1c)
[Subsystems] Discovering subsystems at path C:/Program Files/Unity/Hub/Editor/2020.2.1f1/Editor/Data/Resources/UnitySubsystems
[Subsystems] Discovering subsystems at path C:/Users/jrcro/UnityProjects/PizzaMovementAnimMode/Assets
GfxDevice: creating device client; threaded=0
Direct3D:
    Version:  Direct3D 11.0 [level 11.1]
    Renderer: Intel(R) UHD Graphics (ID=0x8a56)
    Vendor:   
    VRAM:     5988 MB
    Driver:   26.20.100.7926
Initialize mono
Mono path[0] = 'C:/Program Files/Unity/Hub/Editor/2020.2.1f1/Editor/Data/Managed'
Mono path[1] = 'C:/Program Files/Unity/Hub/Editor/2020.2.1f1/Editor/Data/MonoBleedingEdge/lib/mono/unityjit'
Mono config path = 'C:/Program Files/Unity/Hub/Editor/2020.2.1f1/Editor/Data/MonoBleedingEdge/etc'
Using monoOptions --debugger-agent=transport=dt_socket,embedding=1,server=y,suspend=n,address=127.0.0.1:56032
Begin MonoManager ReloadAssembly
Registering precompiled unity dll's ...
Register platform support module: C:/Program Files/Unity/Hub/Editor/2020.2.1f1/Editor/Data/PlaybackEngines/WindowsStandaloneSupport/UnityEditor.WindowsStandalone.Extensions.dll
Registered in 0.002017 seconds.
Native extension for WindowsStandalone target not found
Refreshing native plugins compatible for Editor in 59.27 ms, found 1 plugins.
Preloading 0 native plugins for Editor in 0.00 ms.
Invoked RoslynAnalysisRunner static constructor.
RoslynAnalysisRunner will not be running.
RoslynAnalysisRunner has terminated.
Mono: successfully reloaded assembly
- Completed reload, in  1.263 seconds
Platform modules already initialized, skipping
Registering precompiled user dll's ...
Registered in 0.000969 seconds.
Begin MonoManager ReloadAssembly
Native extension for WindowsStandalone target not found
Refreshing native plugins compatible for Editor in 52.54 ms, found 1 plugins.
Preloading 0 native plugins for Editor in 0.00 ms.
Invoked RoslynAnalysisRunner static constructor.
RoslynAnalysisRunner will not be running.
RoslynAnalysisRunner has terminated.
Mono: successfully reloaded assembly
- Completed reload, in  1.270 seconds
Platform modules already initialized, skipping
========================================================================
Worker process is ready to serve import requests
Launched and connected shader compiler UnityShaderCompiler.exe after 0.03 seconds
Refreshing native plugins compatible for Editor in 0.46 ms, found 1 plugins.
Preloading 0 native plugins for Editor in 0.00 ms.
Unloading 2231 Unused Serialized files (Serialized files now loaded: 0)
System memory in use before: 99.1 MB.
System memory in use after: 99.0 MB.

Unloading 27 unused Assets to reduce memory usage. Loaded Objects now: 2672.
Total: 3.091700 ms (FindLiveObjects: 0.348200 ms CreateObjectMapping: 0.100600 ms MarkObjects: 2.508300 ms  DeleteObjects: 0.132500 ms)

========================================================================
Received Import Request.
  path: ProjectSettings/TagManager.asset
  artifactKey: Guid(00000000000000003000000000000000) Importer(815301076,1909f56bfc062723c751e8b465ee728b)
Start importing ProjectSettings/TagManager.asset using Guid(00000000000000003000000000000000) Importer(815301076,1909f56bfc062723c751e8b465ee728b)  -> (artifact id: '2a276bfe1a8cbeea2c89852a4ad7a997') in 0.049948 seconds
  Import took 0.055099 seconds .

========================================================================
Received Import Request.
  Time since last request: 38.364762 seconds.
  path: ProjectSettings/TagManager.asset
  artifactKey: Guid(00000000000000003000000000000000) Importer(815301076,1909f56bfc062723c751e8b465ee728b)
Start importing ProjectSettings/TagManager.asset using Guid(00000000000000003000000000000000) Importer(815301076,1909f56bfc062723c751e8b465ee728b)  -> (artifact id: 'a190f602466c02988f9c56ab03e2f703') in 0.004314 seconds
  Import took 0.011416 seconds .

========================================================================
Received Import Request.
  Time since last request: 2256.906458 seconds.
  path: Assets/InputControls
  artifactKey: Guid(f035239b0dd6c0548b702524d501eeb8) Importer(815301076,1909f56bfc062723c751e8b465ee728b)
Start importing Assets/InputControls using Guid(f035239b0dd6c0548b702524d501eeb8) Importer(815301076,1909f56bfc062723c751e8b465ee728b)  -> (artifact id: 'b325001efe1495da150e16944613f872') in 0.015735 seconds
  Import took 0.023911 seconds .

========================================================================
Received Import Request.
  Time since last request: 18.807930 seconds.
  path: Assets/InputControls/PlayerControls.inputactions
  artifactKey: Guid(49ed5869501566b4e99b733c006047fe) Importer(815301076,1909f56bfc062723c751e8b465ee728b)
Start importing Assets/InputControls/PlayerControls.inputactions using Guid(49ed5869501566b4e99b733c006047fe) Importer(815301076,1909f56bfc062723c751e8b465ee728b)  -> (artifact id: '33669c309eb36afe2a3da0b5646f59ae') in 0.017986 seconds
  Import took 0.023092 seconds .

========================================================================
Received Import Request.
  Time since last request: 0.023269 seconds.
  path: Assets/InputControls/PlayerControls.inputactions
  artifactKey: Guid(49ed5869501566b4e99b733c006047fe) Importer(815301076,1909f56bfc062723c751e8b465ee728b)
Start importing Assets/InputControls/PlayerControls.inputactions using Guid(49ed5869501566b4e99b733c006047fe) Importer(815301076,1909f56bfc062723c751e8b465ee728b)  -> (artifact id: '33669c309eb36afe2a3da0b5646f59ae') in 0.006099 seconds
  Import took 0.011780 seconds .

========================================================================
Received Import Request.
  Time since last request: 34.393451 seconds.
  path: Assets/InputControls/PlayerControls.inputactions
  artifactKey: Guid(b44ee8553ed7b7f4f9ba75d4f65be022) Importer(815301076,1909f56bfc062723c751e8b465ee728b)
Start importing Assets/InputControls/PlayerControls.inputactions using Guid(b44ee8553ed7b7f4f9ba75d4f65be022) Importer(815301076,1909f56bfc062723c751e8b465ee728b)  -> (artifact id: '4e762082ce1c53244160146e92b4505b') in 0.010257 seconds
  Import took 0.018174 seconds .

========================================================================
Received Import Request.
  Time since last request: 3.972655 seconds.
  path: Assets/InputControls/PlayerControls.cs
  artifactKey: Guid(66e5a36002dc1f744b8010b732564675) Importer(815301076,1909f56bfc062723c751e8b465ee728b)
Start importing Assets/InputControls/PlayerControls.cs using Guid(66e5a36002dc1f744b8010b732564675) Importer(815301076,1909f56bfc062723c751e8b465ee728b)  -> (artifact id: '1f4f8ca3dcc3497656c7abd070db183f') in 0.008102 seconds
  Import took 0.013238 seconds .

========================================================================
Received Import Request.
  Time since last request: 2.147038 seconds.
  path: Assets/InputControls/PlayerActionControls.cs
  artifactKey: Guid(ee31127f65819b646a9a6bb7f3bb534a) Importer(815301076,1909f56bfc062723c751e8b465ee728b)
Start importing Assets/InputControls/PlayerActionControls.cs using Guid(ee31127f65819b646a9a6bb7f3bb534a) Importer(815301076,1909f56bfc062723c751e8b465ee728b)  -> (artifact id: '4681325476ad301afe8e8b83ce35f274') in 0.013069 seconds
  Import took 0.022329 seconds .

========================================================================
Received Import Request.
  Time since last request: 0.000854 seconds.
  path: Assets/InputControls/PlayerActionControls.cs
  artifactKey: Guid(ee31127f65819b646a9a6bb7f3bb534a) Importer(815301076,1909f56bfc062723c751e8b465ee728b)
Start importing Assets/InputControls/PlayerActionControls.cs using Guid(ee31127f65819b646a9a6bb7f3bb534a) Importer(815301076,1909f56bfc062723c751e8b465ee728b)  -> (artifact id: '4681325476ad301afe8e8b83ce35f274') in 0.004073 seconds
  Import took 0.009524 seconds .

========================================================================
Received Import Request.
  Time since last request: 41.975332 seconds.
  path: Assets/InputControls/PlayerControls.inputactions
  artifactKey: Guid(b44ee8553ed7b7f4f9ba75d4f65be022) Importer(815301076,1909f56bfc062723c751e8b465ee728b)
Start importing Assets/InputControls/PlayerControls.inputactions using Guid(b44ee8553ed7b7f4f9ba75d4f65be022) Importer(815301076,1909f56bfc062723c751e8b465ee728b)  -> (artifact id: 'a3c20d7c42f8fae2613b2b08d9eb8b45') in 0.005584 seconds
  Import took 0.011706 seconds .

========================================================================
Received Import Request.
  Time since last request: 0.029205 seconds.
  path: Assets/InputControls/PlayerControls.inputactions
  artifactKey: Guid(b44ee8553ed7b7f4f9ba75d4f65be022) Importer(815301076,1909f56bfc062723c751e8b465ee728b)
Start importing Assets/InputControls/PlayerControls.inputactions using Guid(b44ee8553ed7b7f4f9ba75d4f65be022) Importer(815301076,1909f56bfc062723c751e8b465ee728b)  -> (artifact id: 'a3c20d7c42f8fae2613b2b08d9eb8b45') in 0.006798 seconds
  Import took 0.016053 seconds .

========================================================================
Received Import Request.
  Time since last request: 3.543866 seconds.
  path: Assets/InputControls/PlayerControls.cs
  artifactKey: Guid(66e5a36002dc1f744b8010b732564675) Importer(815301076,1909f56bfc062723c751e8b465ee728b)
Start importing Assets/InputControls/PlayerControls.cs using Guid(66e5a36002dc1f744b8010b732564675) Importer(815301076,1909f56bfc062723c751e8b465ee728b)  -> (artifact id: 'e30139d940770c1688fc4a3f7c50f22b') in 0.004566 seconds
  Import took 0.010343 seconds .

========================================================================
Received Import Request.
  Time since last request: 22.663824 seconds.
  path: Assets/InputControls/PlayerControls.inputactions
  artifactKey: Guid(b44ee8553ed7b7f4f9ba75d4f65be022) Importer(815301076,1909f56bfc062723c751e8b465ee728b)
Start importing Assets/InputControls/PlayerControls.inputactions using Guid(b44ee8553ed7b7f4f9ba75d4f65be022) Importer(815301076,1909f56bfc062723c751e8b465ee728b)  -> (artifact id: 'fd3b8727dbe8f2fedab2b8557b28534a') in 0.004209 seconds
  Import took 0.011165 seconds .

========================================================================
Received Import Request.
  Time since last request: 0.029042 seconds.
  path: Assets/InputControls/PlayerControls.inputactions
  artifactKey: Guid(b44ee8553ed7b7f4f9ba75d4f65be022) Importer(815301076,1909f56bfc062723c751e8b465ee728b)
Start importing Assets/InputControls/PlayerControls.inputactions using Guid(b44ee8553ed7b7f4f9ba75d4f65be022) Importer(815301076,1909f56bfc062723c751e8b465ee728b)  -> (artifact id: 'fd3b8727dbe8f2fedab2b8557b28534a') in 0.007212 seconds
  Import took 0.014524 seconds .

========================================================================
Received Prepare
Registering precompiled user dll's ...
Registered in 0.001775 seconds.
Begin MonoManager ReloadAssembly
Native extension for WindowsStandalone target not found
Refreshing native plugins compatible for Editor in 0.47 ms, found 1 plugins.
Preloading 0 native plugins for Editor in 0.00 ms.
Invoked RoslynAnalysisRunner static constructor.
RoslynAnalysisRunner will not be running.
RoslynAnalysisRunner has terminated.
Mono: successfully reloaded assembly
- Completed reload, in  1.071 seconds
Platform modules already initialized, skipping
Refreshing native plugins compatible for Editor in 0.40 ms, found 1 plugins.
Preloading 0 native plugins for Editor in 0.00 ms.
Unloading 2225 Unused Serialized files (Serialized files now loaded: 0)
System memory in use before: 99.2 MB.
System memory in use after: 99.2 MB.

Unloading 15 unused Assets to reduce memory usage. Loaded Objects now: 2676.
Total: 3.397700 ms (FindLiveObjects: 0.379500 ms CreateObjectMapping: 0.170100 ms MarkObjects: 2.648700 ms  DeleteObjects: 0.197700 ms)

========================================================================
Received Prepare
Registering precompiled user dll's ...
Registered in 0.001284 seconds.
Begin MonoManager ReloadAssembly
Native extension for WindowsStandalone target not found
Refreshing native plugins compatible for Editor in 0.66 ms, found 1 plugins.
Preloading 0 native plugins for Editor in 0.00 ms.
Invoked RoslynAnalysisRunner static constructor.
RoslynAnalysisRunner will not be running.
RoslynAnalysisRunner has terminated.
Mono: successfully reloaded assembly
- Completed reload, in  1.102 seconds
Platform modules already initialized, skipping
Refreshing native plugins compatible for Editor in 0.41 ms, found 1 plugins.
Preloading 0 native plugins for Editor in 0.00 ms.
Unloading 2225 Unused Serialized files (Serialized files now loaded: 0)
System memory in use before: 99.3 MB.
System memory in use after: 99.3 MB.

Unloading 13 unused Assets to reduce memory usage. Loaded Objects now: 2679.
Total: 2.959400 ms (FindLiveObjects: 0.302600 ms CreateObjectMapping: 0.084800 ms MarkObjects: 2.399100 ms  DeleteObjects: 0.171000 ms)

========================================================================
Received Prepare
Registering precompiled user dll's ...
Registered in 0.001123 seconds.
Begin MonoManager ReloadAssembly
Native extension for WindowsStandalone target not found
Refreshing native plugins compatible for Editor in 0.35 ms, found 1 plugins.
Preloading 0 native plugins for Editor in 0.00 ms.
Invoked RoslynAnalysisRunner static constructor.
RoslynAnalysisRunner will not be running.
RoslynAnalysisRunner has terminated.
Mono: successfully reloaded assembly
- Completed reload, in  1.041 seconds
Platform modules already initialized, skipping
Refreshing native plugins compatible for Editor in 0.95 ms, found 1 plugins.
Preloading 0 native plugins for Editor in 0.00 ms.
Unloading 2225 Unused Serialized files (Serialized files now loaded: 0)
System memory in use before: 99.4 MB.
System memory in use after: 99.4 MB.

Unloading 13 unused Assets to reduce memory usage. Loaded Objects now: 2682.
Total: 4.007100 ms (FindLiveObjects: 0.324600 ms CreateObjectMapping: 0.148600 ms MarkObjects: 3.340500 ms  DeleteObjects: 0.191000 ms)

========================================================================
Received Prepare
Registering precompiled user dll's ...
Registered in 0.001030 seconds.
Begin MonoManager ReloadAssembly
Native extension for WindowsStandalone target not found
Refreshing native plugins compatible for Editor in 0.39 ms, found 1 plugins.
Preloading 0 native plugins for Editor in 0.00 ms.
Invoked RoslynAnalysisRunner static constructor.
RoslynAnalysisRunner will not be running.
RoslynAnalysisRunner has terminated.
Mono: successfully reloaded assembly
- Completed reload, in  0.998 seconds
Platform modules already initialized, skipping
Refreshing native plugins compatible for Editor in 0.55 ms, found 1 plugins.
Preloading 0 native plugins for Editor in 0.00 ms.
Unloading 2225 Unused Serialized files (Serialized files now loaded: 0)
System memory in use before: 99.5 MB.
System memory in use after: 99.5 MB.

Unloading 13 unused Assets to reduce memory usage. Loaded Objects now: 2685.
Total: 2.858400 ms (FindLiveObjects: 0.515400 ms CreateObjectMapping: 0.134300 ms MarkObjects: 2.056800 ms  DeleteObjects: 0.121800 ms)

========================================================================
Received Prepare
Registering precompiled user dll's ...
Registered in 0.001416 seconds.
Begin MonoManager ReloadAssembly
Native extension for WindowsStandalone target not found
Refreshing native plugins compatible for Editor in 0.37 ms, found 1 plugins.
Preloading 0 native plugins for Editor in 0.00 ms.
Invoked RoslynAnalysisRunner static constructor.
RoslynAnalysisRunner will not be running.
RoslynAnalysisRunner has terminated.
Mono: successfully reloaded assembly
- Completed reload, in  1.122 seconds
Platform modules already initialized, skipping
Refreshing native plugins compatible for Editor in 0.47 ms, found 1 plugins.
Preloading 0 native plugins for Editor in 0.00 ms.
Unloading 2225 Unused Serialized files (Serialized files now loaded: 0)
System memory in use before: 99.6 MB.
System memory in use after: 99.6 MB.

Unloading 13 unused Assets to reduce memory usage. Loaded Objects now: 2688.
Total: 3.046200 ms (FindLiveObjects: 0.657100 ms CreateObjectMapping: 0.129800 ms MarkObjects: 2.157600 ms  DeleteObjects: 0.097500 ms)

========================================================================
Received Prepare
Registering precompiled user dll's ...
Registered in 0.000871 seconds.
Begin MonoManager ReloadAssembly
Native extension for WindowsStandalone target not found
Refreshing native plugins compatible for Editor in 0.47 ms, found 1 plugins.
Preloading 0 native plugins for Editor in 0.00 ms.
Invoked RoslynAnalysisRunner static constructor.
RoslynAnalysisRunner will not be running.
RoslynAnalysisRunner has terminated.
Mono: successfully reloaded assembly
- Completed reload, in  1.101 seconds
Platform modules already initialized, skipping
Refreshing native plugins compatible for Editor in 0.82 ms, found 1 plugins.
Preloading 0 native plugins for Editor in 0.00 ms.
Unloading 2225 Unused Serialized files (Serialized files now loaded: 0)
System memory in use before: 99.7 MB.
System memory in use after: 99.7 MB.

Unloading 13 unused Assets to reduce memory usage. Loaded Objects now: 2691.
Total: 3.009800 ms (FindLiveObjects: 0.551100 ms CreateObjectMapping: 0.196700 ms MarkObjects: 2.152300 ms  DeleteObjects: 0.107700 ms)

========================================================================
Received Prepare
Registering precompiled user dll's ...
Registered in 0.001352 seconds.
Begin MonoManager ReloadAssembly
Native extension for WindowsStandalone target not found
Refreshing native plugins compatible for Editor in 0.68 ms, found 1 plugins.
Preloading 0 native plugins for Editor in 0.00 ms.
Invoked RoslynAnalysisRunner static constructor.
RoslynAnalysisRunner will not be running.
RoslynAnalysisRunner has terminated.
Mono: successfully reloaded assembly
- Completed reload, in  1.111 seconds
Platform modules already initialized, skipping
Refreshing native plugins compatible for Editor in 0.78 ms, found 1 plugins.
Preloading 0 native plugins for Editor in 0.00 ms.
Unloading 2225 Unused Serialized files (Serialized files now loaded: 0)
System memory in use before: 99.8 MB.
System memory in use after: 99.8 MB.

Unloading 13 unused Assets to reduce memory usage. Loaded Objects now: 2694.
Total: 3.344200 ms (FindLiveObjects: 0.355700 ms CreateObjectMapping: 0.101000 ms MarkObjects: 2.774400 ms  DeleteObjects: 0.110800 ms)

========================================================================
Received Prepare
Registering precompiled user dll's ...
Registered in 0.001557 seconds.
Begin MonoManager ReloadAssembly
Native extension for WindowsStandalone target not found
Refreshing native plugins compatible for Editor in 0.43 ms, found 1 plugins.
Preloading 0 native plugins for Editor in 0.00 ms.
Invoked RoslynAnalysisRunner static constructor.
RoslynAnalysisRunner will not be running.
RoslynAnalysisRunner has terminated.
Mono: successfully reloaded assembly
- Completed reload, in  1.054 seconds
Platform modules already initialized, skipping
Refreshing native plugins compatible for Editor in 0.74 ms, found 1 plugins.
Preloading 0 native plugins for Editor in 0.00 ms.
Unloading 2225 Unused Serialized files (Serialized files now loaded: 0)
System memory in use before: 99.9 MB.
System memory in use after: 99.9 MB.

Unloading 13 unused Assets to reduce memory usage. Loaded Objects now: 2697.
Total: 2.736800 ms (FindLiveObjects: 0.297100 ms CreateObjectMapping: 0.121600 ms MarkObjects: 2.205800 ms  DeleteObjects: 0.107600 ms)

========================================================================
Received Prepare
Registering precompiled user dll's ...
Registered in 0.000970 seconds.
Begin MonoManager ReloadAssembly
Native extension for WindowsStandalone target not found
Refreshing native plugins compatible for Editor in 0.39 ms, found 1 plugins.
Preloading 0 native plugins for Editor in 0.00 ms.
Invoked RoslynAnalysisRunner static constructor.
RoslynAnalysisRunner will not be running.
RoslynAnalysisRunner has terminated.
Mono: successfully reloaded assembly
- Completed reload, in  1.180 seconds
Platform modules already initialized, skipping
Refreshing native plugins compatible for Editor in 0.41 ms, found 1 plugins.
Preloading 0 native plugins for Editor in 0.00 ms.
Unloading 2225 Unused Serialized files (Serialized files now loaded: 0)
System memory in use before: 99.9 MB.
System memory in use after: 99.9 MB.

Unloading 13 unused Assets to reduce memory usage. Loaded Objects now: 2700.
Total: 3.198300 ms (FindLiveObjects: 0.420500 ms CreateObjectMapping: 0.245100 ms MarkObjects: 2.409000 ms  DeleteObjects: 0.122300 ms)

========================================================================
Received Import Request.
  Time since last request: 802.723147 seconds.
  path: Assets/Art/Player/DebugSquare/Animation
  artifactKey: Guid(69bfc6f53aed53a478799ba540beee2f) Importer(815301076,1909f56bfc062723c751e8b465ee728b)
Start importing Assets/Art/Player/DebugSquare/Animation using Guid(69bfc6f53aed53a478799ba540beee2f) Importer(815301076,1909f56bfc062723c751e8b465ee728b)  -> (artifact id: '5b3900406889a20bc4edd3e0ba68e23f') in 0.019845 seconds
  Import took 0.025555 seconds .

========================================================================
Received Import Request.
  Time since last request: 10.807803 seconds.
  path: Assets/Art/Player/DebugSquare/Animation/Player_Square.controller
  artifactKey: Guid(256e8389f4416da45ac931bad9295270) Importer(815301076,1909f56bfc062723c751e8b465ee728b)
Start importing Assets/Art/Player/DebugSquare/Animation/Player_Square.controller using Guid(256e8389f4416da45ac931bad9295270) Importer(815301076,1909f56bfc062723c751e8b465ee728b)  -> (artifact id: 'b36455a4a3fe5d0e3b2e382794625a4c') in 0.029569 seconds
  Import took 0.036030 seconds .

AssetImportWorkerClient::OnTransportError - code=2 error=End of file
