Using pre-set license
Built from '2020.2/release' branch; Version is '2020.2.1f1 (270dd8c3da1c) revision 2559448'; Using compiler version '192528614'; Build Type 'Release'
OS: 'Windows 10  (10.0.0) 64bit' Language: 'en' Physical Memory: 11976 MB
BatchMode: 1, IsHumanControllingUs: 0, StartBugReporterOnCrash: 0, Is64bit: 1, IsPro: 0

 COMMAND LINE ARGUMENTS:
C:\Program Files\Unity\Hub\Editor\2020.2.1f1\Editor\Unity.exe
-adb2
-batchMode
-noUpm
-name
AssetImportWorker0
-projectPath
C:/Users/jrcro/UnityProjects/PizzaMovementAnimMode
-logFile
Logs/AssetImportWorker0.log
-srvPort
58150
Successfully changed project path to: C:/Users/jrcro/UnityProjects/PizzaMovementAnimMode
C:/Users/jrcro/UnityProjects/PizzaMovementAnimMode
Using Asset Import Pipeline V2.
Refreshing native plugins compatible for Editor in 62.22 ms, found 1 plugins.
Preloading 0 native plugins for Editor in 0.00 ms.
Initialize engine version: 2020.2.1f1 (270dd8c3da1c)
[Subsystems] Discovering subsystems at path C:/Program Files/Unity/Hub/Editor/2020.2.1f1/Editor/Data/Resources/UnitySubsystems
[Subsystems] Discovering subsystems at path C:/Users/jrcro/UnityProjects/PizzaMovementAnimMode/Assets
GfxDevice: creating device client; threaded=0
Direct3D:
    Version:  Direct3D 11.0 [level 11.1]
    Renderer: Intel(R) UHD Graphics (ID=0x8a56)
    Vendor:   
    VRAM:     5988 MB
    Driver:   26.20.100.7926
Initialize mono
Mono path[0] = 'C:/Program Files/Unity/Hub/Editor/2020.2.1f1/Editor/Data/Managed'
Mono path[1] = 'C:/Program Files/Unity/Hub/Editor/2020.2.1f1/Editor/Data/MonoBleedingEdge/lib/mono/unityjit'
Mono config path = 'C:/Program Files/Unity/Hub/Editor/2020.2.1f1/Editor/Data/MonoBleedingEdge/etc'
Using monoOptions --debugger-agent=transport=dt_socket,embedding=1,server=y,suspend=n,address=127.0.0.1:56844
Begin MonoManager ReloadAssembly
Registering precompiled unity dll's ...
Register platform support module: C:/Program Files/Unity/Hub/Editor/2020.2.1f1/Editor/Data/PlaybackEngines/WindowsStandaloneSupport/UnityEditor.WindowsStandalone.Extensions.dll
Registered in 0.001334 seconds.
Native extension for WindowsStandalone target not found
Refreshing native plugins compatible for Editor in 55.16 ms, found 1 plugins.
Preloading 0 native plugins for Editor in 0.00 ms.
Invoked RoslynAnalysisRunner static constructor.
RoslynAnalysisRunner will not be running.
RoslynAnalysisRunner has terminated.
Mono: successfully reloaded assembly
- Completed reload, in  1.183 seconds
Platform modules already initialized, skipping
Registering precompiled user dll's ...
Registered in 0.001922 seconds.
Begin MonoManager ReloadAssembly
Native extension for WindowsStandalone target not found
Refreshing native plugins compatible for Editor in 56.31 ms, found 1 plugins.
Preloading 0 native plugins for Editor in 0.00 ms.
Invoked RoslynAnalysisRunner static constructor.
RoslynAnalysisRunner will not be running.
RoslynAnalysisRunner has terminated.
Mono: successfully reloaded assembly
- Completed reload, in  1.202 seconds
Platform modules already initialized, skipping
========================================================================
Worker process is ready to serve import requests
Launched and connected shader compiler UnityShaderCompiler.exe after 0.04 seconds
Refreshing native plugins compatible for Editor in 0.42 ms, found 1 plugins.
Preloading 0 native plugins for Editor in 0.00 ms.
Unloading 2232 Unused Serialized files (Serialized files now loaded: 0)
System memory in use before: 99.1 MB.
System memory in use after: 99.1 MB.

Unloading 27 unused Assets to reduce memory usage. Loaded Objects now: 2673.
Total: 2.955000 ms (FindLiveObjects: 0.247000 ms CreateObjectMapping: 0.087700 ms MarkObjects: 2.476400 ms  DeleteObjects: 0.142500 ms)

========================================================================
Received Import Request.
  path: Assets/Art/Player/DebugSquare/Animation/Player_Square.controller
  artifactKey: Guid(256e8389f4416da45ac931bad9295270) Importer(815301076,1909f56bfc062723c751e8b465ee728b)
Start importing Assets/Art/Player/DebugSquare/Animation/Player_Square.controller using Guid(256e8389f4416da45ac931bad9295270) Importer(815301076,1909f56bfc062723c751e8b465ee728b)  -> (artifact id: 'c2bcebd3d533d48b6afb86f462e311d8') in 0.065079 seconds
  Import took 0.073098 seconds .

========================================================================
Received Import Request.
  Time since last request: 0.000699 seconds.
  path: Assets/Art/Player/DebugSquare/Animation/Gear2_Slowdown.anim
  artifactKey: Guid(bac13e80f9ee6614b827cd8d63121201) Importer(815301076,1909f56bfc062723c751e8b465ee728b)
Start importing Assets/Art/Player/DebugSquare/Animation/Gear2_Slowdown.anim using Guid(bac13e80f9ee6614b827cd8d63121201) Importer(815301076,1909f56bfc062723c751e8b465ee728b)  -> (artifact id: '710d9470fedfdd19c930ff19f8ac40f0') in 0.011794 seconds
  Import took 0.019030 seconds .

========================================================================
Received Import Request.
  Time since last request: 59.722088 seconds.
  path: Assets/Art/Player/DebugSquare/Animation/Player_Square.controller
  artifactKey: Guid(256e8389f4416da45ac931bad9295270) Importer(815301076,1909f56bfc062723c751e8b465ee728b)
Start importing Assets/Art/Player/DebugSquare/Animation/Player_Square.controller using Guid(256e8389f4416da45ac931bad9295270) Importer(815301076,1909f56bfc062723c751e8b465ee728b)  -> (artifact id: '73174bf6827aa5359982e296456c466e') in 0.012817 seconds
  Import took 0.025429 seconds .

========================================================================
Received Import Request.
  Time since last request: 457.167132 seconds.
  path: Assets/Art/Player/DebugSquare/Animation/Player_Square.controller
  artifactKey: Guid(256e8389f4416da45ac931bad9295270) Importer(815301076,1909f56bfc062723c751e8b465ee728b)
Start importing Assets/Art/Player/DebugSquare/Animation/Player_Square.controller using Guid(256e8389f4416da45ac931bad9295270) Importer(815301076,1909f56bfc062723c751e8b465ee728b)  -> (artifact id: '289694720e88dd211b76b47fc6275e12') in 0.015384 seconds
  Import took 0.025846 seconds .

========================================================================
Received Prepare
Registering precompiled user dll's ...
Registered in 0.000994 seconds.
Begin MonoManager ReloadAssembly
Native extension for WindowsStandalone target not found
Refreshing native plugins compatible for Editor in 0.59 ms, found 1 plugins.
Preloading 0 native plugins for Editor in 0.00 ms.
Invoked RoslynAnalysisRunner static constructor.
RoslynAnalysisRunner will not be running.
RoslynAnalysisRunner has terminated.
Mono: successfully reloaded assembly
- Completed reload, in  1.249 seconds
Platform modules already initialized, skipping
Refreshing native plugins compatible for Editor in 0.42 ms, found 1 plugins.
Preloading 0 native plugins for Editor in 0.00 ms.
Unloading 2225 Unused Serialized files (Serialized files now loaded: 0)
System memory in use before: 99.2 MB.
System memory in use after: 99.2 MB.

Unloading 13 unused Assets to reduce memory usage. Loaded Objects now: 2676.
Total: 3.026000 ms (FindLiveObjects: 0.225700 ms CreateObjectMapping: 0.130900 ms MarkObjects: 2.568600 ms  DeleteObjects: 0.098400 ms)

========================================================================
Received Prepare
Registering precompiled user dll's ...
Registered in 0.000999 seconds.
Begin MonoManager ReloadAssembly
Native extension for WindowsStandalone target not found
Refreshing native plugins compatible for Editor in 0.48 ms, found 1 plugins.
Preloading 0 native plugins for Editor in 0.00 ms.
Invoked RoslynAnalysisRunner static constructor.
RoslynAnalysisRunner will not be running.
RoslynAnalysisRunner has terminated.
Mono: successfully reloaded assembly
- Completed reload, in  1.098 seconds
Platform modules already initialized, skipping
Refreshing native plugins compatible for Editor in 0.46 ms, found 1 plugins.
Preloading 0 native plugins for Editor in 0.00 ms.
Unloading 2225 Unused Serialized files (Serialized files now loaded: 0)
System memory in use before: 99.3 MB.
System memory in use after: 99.3 MB.

Unloading 13 unused Assets to reduce memory usage. Loaded Objects now: 2679.
Total: 2.414800 ms (FindLiveObjects: 0.261000 ms CreateObjectMapping: 0.082500 ms MarkObjects: 1.976100 ms  DeleteObjects: 0.094100 ms)

========================================================================
Received Prepare
Registering precompiled user dll's ...
Registered in 0.001680 seconds.
Begin MonoManager ReloadAssembly
Native extension for WindowsStandalone target not found
Refreshing native plugins compatible for Editor in 0.57 ms, found 1 plugins.
Preloading 0 native plugins for Editor in 0.00 ms.
Invoked RoslynAnalysisRunner static constructor.
RoslynAnalysisRunner will not be running.
RoslynAnalysisRunner has terminated.
Mono: successfully reloaded assembly
- Completed reload, in  1.315 seconds
Platform modules already initialized, skipping
Refreshing native plugins compatible for Editor in 0.40 ms, found 1 plugins.
Preloading 0 native plugins for Editor in 0.00 ms.
Unloading 2225 Unused Serialized files (Serialized files now loaded: 0)
System memory in use before: 99.4 MB.
System memory in use after: 99.4 MB.

Unloading 13 unused Assets to reduce memory usage. Loaded Objects now: 2682.
Total: 4.952100 ms (FindLiveObjects: 0.272200 ms CreateObjectMapping: 0.163100 ms MarkObjects: 4.388800 ms  DeleteObjects: 0.124800 ms)

========================================================================
Received Prepare
Registering precompiled user dll's ...
Registered in 0.001885 seconds.
Begin MonoManager ReloadAssembly
Native extension for WindowsStandalone target not found
Refreshing native plugins compatible for Editor in 0.67 ms, found 1 plugins.
Preloading 0 native plugins for Editor in 0.00 ms.
Invoked RoslynAnalysisRunner static constructor.
RoslynAnalysisRunner will not be running.
RoslynAnalysisRunner has terminated.
Mono: successfully reloaded assembly
- Completed reload, in  1.277 seconds
Platform modules already initialized, skipping
Refreshing native plugins compatible for Editor in 0.47 ms, found 1 plugins.
Preloading 0 native plugins for Editor in 0.00 ms.
Unloading 2225 Unused Serialized files (Serialized files now loaded: 0)
System memory in use before: 99.5 MB.
System memory in use after: 99.5 MB.

Unloading 13 unused Assets to reduce memory usage. Loaded Objects now: 2685.
Total: 4.255400 ms (FindLiveObjects: 0.322400 ms CreateObjectMapping: 0.158400 ms MarkObjects: 3.596800 ms  DeleteObjects: 0.175400 ms)

========================================================================
Received Prepare
Registering precompiled user dll's ...
Registered in 0.001168 seconds.
Begin MonoManager ReloadAssembly
Native extension for WindowsStandalone target not found
Refreshing native plugins compatible for Editor in 0.86 ms, found 1 plugins.
Preloading 0 native plugins for Editor in 0.00 ms.
Invoked RoslynAnalysisRunner static constructor.
RoslynAnalysisRunner will not be running.
RoslynAnalysisRunner has terminated.
Mono: successfully reloaded assembly
- Completed reload, in  1.249 seconds
Platform modules already initialized, skipping
Refreshing native plugins compatible for Editor in 0.41 ms, found 1 plugins.
Preloading 0 native plugins for Editor in 0.00 ms.
Unloading 2225 Unused Serialized files (Serialized files now loaded: 0)
System memory in use before: 99.6 MB.
System memory in use after: 99.6 MB.

Unloading 13 unused Assets to reduce memory usage. Loaded Objects now: 2688.
Total: 2.912500 ms (FindLiveObjects: 0.557000 ms CreateObjectMapping: 0.185700 ms MarkObjects: 2.071700 ms  DeleteObjects: 0.095900 ms)

AssetImportWorkerClient::OnTransportError - code=2 error=End of file
